Nodes =  2
Threads =  16
Reported: 2 (out of 2) daemons - 2 (out of 2) procs
CoSP2: SP2 Loop

Parameters:
msparse = 256  hDim = 6144  debug = 1
hmatName = data/hmatrix.512.mtx
eps = 1e-05  hEps = 1e-16
idemTol = 1e-14

hDim = 6144 M = 256
Adjusted M = 256
total procs = 2  total rows = 6144  total cols = 256
global row min = 0  row max = 6144  row extent = 6144
rank = 0 local row min = 0  row max = 3072  row extent = 3072

Sparsity:
Initial sparsity = 98304, fraction = 2.604167e-03, Avg per row = 16.000000
Max per row = 19
I = 13, count = 2048, fraction = 0.333333
I = 17, count = 3072, fraction = 0.500000
I = 19, count = 1024, fraction = 0.166667
rank = 1 local row min = 3072  row max = 6144  row extent = 3072

Gershgorin:
New  eMax, eMin = 2.104874e+01, -4.763674e+01
bufferSize = 12582912
Initial sparsity normalized = 98304, fraction = 2.604167e-03,  avg = 16, max = 19

SP2Loop:
iter = 0  trX = 2.480692e+03  trX2 = 1.097541e+03
iter = 1  trX = 3.863842e+03  trX2 = 2.551015e+03
iter = 2  trX = 2.551015e+03  trX2 = 1.266368e+03
iter = 3  trX = 3.835661e+03  trX2 = 2.636570e+03
iter = 4  trX = 2.636570e+03  trX2 = 1.535174e+03
iter = 5  trX = 3.737967e+03  trX2 = 2.719680e+03
iter = 6  trX = 2.719680e+03  trX2 = 1.882177e+03
iter = 7  trX = 3.557182e+03  trX2 = 2.807046e+03
iter = 8  trX = 2.807046e+03  trX2 = 2.268558e+03
iter = 9  trX = 3.345535e+03  trX2 = 2.921297e+03
iter = 10  trX = 2.921297e+03  trX2 = 2.658404e+03
iter = 11  trX = 3.184190e+03  trX2 = 3.020284e+03
iter = 12  trX = 3.020284e+03  trX2 = 2.938673e+03
iter = 13  trX = 3.101895e+03  trX2 = 3.063578e+03
iter = 14  trX = 3.063578e+03  trX2 = 3.051743e+03
iter = 15  trX = 3.075413e+03  trX2 = 3.071665e+03
iter = 16  trX = 3.071665e+03  trX2 = 3.071267e+03
iter = 17  trX = 3.072063e+03  trX2 = 3.071999e+03
iter = 18  trX = 3.071999e+03  trX2 = 3.071998e+03
iter = 19  trX = 3.072000e+03  trX2 = 3.072000e+03
iter = 20  trX = 3.072000e+03  trX2 = 3.072000e+03
iter = 21  trX = 3.072000e+03  trX2 = 3.072000e+03
iter = 22  trX = 3.072000e+03  trX2 = 3.072000e+03
iter = 23  trX = 3.072000e+03  trX2 = 3.072000e+03
iter = 24  trX = 3.072000e+03  trX2 = 3.072000e+03
iter = 25  trX = 3.072000e+03  trX2 = 3.072000e+03
iter = 26  trX = 3.072000e+03  trX2 = 3.072000e+03
iter = 27  trX = 3.072000e+03  trX2 = 3.072000e+03
iter = 28  trX = 3.072000e+03  trX2 = 3.072000e+03
iter = 29  trX = 3.072000e+03  trX2 = 3.072000e+03
iter = 30  trX = 3.072000e+03  trX2 = 3.072000e+03

Results:
X2 Sparsity CCN = 638976, fraction = 1.692708e-02 avg = 104, max = 119
D Sparsity AAN = 638976, fraction = 1.692708e-02 avg = 104, max = 119
Number of iterations = 31


Counters for Rank 0
       Counter          Calls    Avg/Call(MB)         Total(MB)   
_________________________________________________________________
reduce                    35           0.0000            0.0005
send                      31           4.0486          125.5060
recv                      31           4.0487          125.5089

Counter Statistics Across 2 Ranks:
        Counter      Rank: Min(MB)        Rank: Max(MB)       Avg(MB)      Stdev(MB)
_______________________________________________________________________________________
reduce               0:      0.0005       0:      0.0005        0.0005        0.0000
send                 0:    125.5060       1:    125.5089      125.5074        0.0014
recv                 1:    125.5060       0:    125.5089      125.5074        0.0014


Timings for Rank 0
        Timer        # Calls    Avg/Call (s)   Total (s)    % Loop
___________________________________________________________________
total                      1       0.3074        0.3074      100.00
loop                       1       0.3074        0.3074      100.00
  pre                      1       0.0485        0.0485       15.77
    readh                  1       0.0412        0.0412       13.39
  sp2Loop                  1       0.2553        0.2553       83.06
    norm                   1       0.0002        0.0002        0.07
    x2                    31       0.0030        0.0941       30.60
    xadd                  14       0.0003        0.0043        1.38
    xset                  17       0.0002        0.0036        1.17
    exchange              62       0.0023        0.1440       46.83
    reduceComm            35       0.0000        0.0015        0.48

Timing Statistics Across 2 Ranks:
        Timer        Rank: Min(s)       Rank: Max(s)      Avg(s)    Stdev(s)
_____________________________________________________________________________
total                1:    0.3073       0:    0.3074      0.3074      0.0000
loop                 1:    0.3073       0:    0.3074      0.3074      0.0000
  pre                0:    0.0485       1:    0.0486      0.0485      0.0001
    readh            0:    0.0412       1:    0.0412      0.0412      0.0000
  sp2Loop            0:    0.2553       1:    0.2553      0.2553      0.0000
    norm             1:    0.0002       0:    0.0002      0.0002      0.0000
    x2               0:    0.0941       1:    0.0943      0.0942      0.0001
    xadd             1:    0.0042       0:    0.0043      0.0042      0.0000
    xset             1:    0.0036       0:    0.0036      0.0036      0.0000
    exchange         0:    0.1440       1:    0.1447      0.1443      0.0004
    reduceComm       1:    0.0007       0:    0.0015      0.0011      0.0004
